# JRE version: Java(TM) SE Runtime Environment (8.0_60-b27) (build 1.8.0_60-b27)
# Java VM: Java HotSpot(TM) 64-Bit Server VM (25.60-b23 mixed mode windows-amd64 compressed oops)
Heap:
 PSYoungGen      total 195584K, used 85961K [0x00000000d5f80000, 0x00000000e3400000, 0x0000000100000000)
  eden space 183808K, 46% used [0x00000000d5f80000,0x00000000db372430,0x00000000e1300000)
  from space 11776K, 0% used [0x00000000e2880000,0x00000000e2880000,0x00000000e3400000)
  to   space 16896K, 0% used [0x00000000e1300000,0x00000000e1300000,0x00000000e2380000)
 ParOldGen       total 109056K, used 19841K [0x0000000081e00000, 0x0000000088880000, 0x00000000d5f80000)
  object space 109056K, 18% used [0x0000000081e00000,0x00000000831605a8,0x0000000088880000)
 Metaspace       used 39560K, capacity 42632K, committed 43048K, reserved 1085440K
  class space    used 5452K, capacity 6314K, committed 6440K, reserved 1048576K
GC Heap History (10 events):
Event: 7.604 GC heap before
{Heap before GC invocations=10 (full 2):
 PSYoungGen      total 71680K, used 28635K [0x00000000d5f80000, 0x00000000dfe80000, 0x0000000100000000)
  eden space 66560K, 35% used [0x00000000d5f80000,0x00000000d767bf60,0x00000000da080000)
  from space 5120K, 99% used [0x00000000da080000,0x00000000da57af70,0x00000000da580000)
  to   space 14848K, 0% used [0x00000000df000000,0x00000000df000000,0x00000000dfe80000)
 ParOldGen       total 87552K, used 16044K [0x0000000081e00000, 0x0000000087380000, 0x00000000d5f80000)
  object space 87552K, 18% used [0x0000000081e00000,0x0000000082dab3b8,0x0000000087380000)
 Metaspace       used 19609K, capacity 21208K, committed 21296K, reserved 1067008K
  class space    used 2714K, capacity 3116K, committed 3200K, reserved 1048576K
Event: 7.624 GC heap after
Heap after GC invocations=10 (full 2):
 PSYoungGen      total 147456K, used 9483K [0x00000000d5f80000, 0x00000000dff80000, 0x0000000100000000)
  eden space 132608K, 0% used [0x00000000d5f80000,0x00000000d5f80000,0x00000000de100000)
  from space 14848K, 63% used [0x00000000df000000,0x00000000df942f90,0x00000000dfe80000)
  to   space 15360K, 0% used [0x00000000de100000,0x00000000de100000,0x00000000df000000)
 ParOldGen       total 87552K, used 16052K [0x0000000081e00000, 0x0000000087380000, 0x00000000d5f80000)
  object space 87552K, 18% used [0x0000000081e00000,0x0000000082dad3b8,0x0000000087380000)
 Metaspace       used 19609K, capacity 21208K, committed 21296K, reserved 1067008K
  class space    used 2714K, capacity 3116K, committed 3200K, reserved 1048576K
}
Event: 7.624 GC heap before
{Heap before GC invocations=11 (full 3):
 PSYoungGen      total 147456K, used 9483K [0x00000000d5f80000, 0x00000000dff80000, 0x0000000100000000)
  eden space 132608K, 0% used [0x00000000d5f80000,0x00000000d5f80000,0x00000000de100000)
  from space 14848K, 63% used [0x00000000df000000,0x00000000df942f90,0x00000000dfe80000)
  to   space 15360K, 0% used [0x00000000de100000,0x00000000de100000,0x00000000df000000)
 ParOldGen       total 87552K, used 16052K [0x0000000081e00000, 0x0000000087380000, 0x00000000d5f80000)
  object space 87552K, 18% used [0x0000000081e00000,0x0000000082dad3b8,0x0000000087380000)
 Metaspace       used 19609K, capacity 21208K, committed 21296K, reserved 1067008K
  class space    used 2714K, capacity 3116K, committed 3200K, reserved 1048576K
Event: 7.764 GC heap after
Heap after GC invocations=11 (full 3):
 PSYoungGen      total 147456K, used 0K [0x00000000d5f80000, 0x00000000dff80000, 0x0000000100000000)
  eden space 132608K, 0% used [0x00000000d5f80000,0x00000000d5f80000,0x00000000de100000)
  from space 14848K, 0% used [0x00000000df000000,0x00000000df000000,0x00000000dfe80000)
  to   space 15360K, 0% used [0x00000000de100000,0x00000000de100000,0x00000000df000000)
 ParOldGen       total 79872K, used 21793K [0x0000000081e00000, 0x0000000086c00000, 0x00000000d5f80000)
  object space 79872K, 27% used [0x0000000081e00000,0x00000000833484b8,0x0000000086c00000)
 Metaspace       used 19609K, capacity 21208K, committed 21296K, reserved 1067008K
  class space    used 2714K, capacity 3116K, committed 3200K, reserved 1048576K
}
Event: 9.674 GC heap before
{Heap before GC invocations=12 (full 3):
 PSYoungGen      total 147456K, used 132608K [0x00000000d5f80000, 0x00000000dff80000, 0x0000000100000000)
  eden space 132608K, 100% used [0x00000000d5f80000,0x00000000de100000,0x00000000de100000)
  from space 14848K, 0% used [0x00000000df000000,0x00000000df000000,0x00000000dfe80000)
  to   space 15360K, 0% used [0x00000000de100000,0x00000000de100000,0x00000000df000000)
 ParOldGen       total 79872K, used 21803K [0x0000000081e00000, 0x0000000086c00000, 0x00000000d5f80000)
  object space 79872K, 27% used [0x0000000081e00000,0x000000008334ae70,0x0000000086c00000)
 Metaspace       used 25171K, capacity 27446K, committed 27648K, reserved 1073152K
  class space    used 3446K, capacity 4093K, committed 4096K, reserved 1048576K
Event: 9.695 GC heap after
Heap after GC invocations=12 (full 3):
 PSYoungGen      total 147968K, used 12527K [0x00000000d5f80000, 0x00000000e3900000, 0x0000000100000000)
  eden space 132608K, 0% used [0x00000000d5f80000,0x00000000d5f80000,0x00000000de100000)
  from space 15360K, 81% used [0x00000000de100000,0x00000000ded3be50,0x00000000df000000)
  to   space 16896K, 0% used [0x00000000e2880000,0x00000000e2880000,0x00000000e3900000)
 ParOldGen       total 79872K, used 21875K [0x0000000081e00000, 0x0000000086c00000, 0x00000000d5f80000)
  object space 79872K, 27% used [0x0000000081e00000,0x000000008335ce80,0x0000000086c00000)
 Metaspace       used 25171K, capacity 27446K, committed 27648K, reserved 1073152K
  class space    used 3446K, capacity 4093K, committed 4096K, reserved 1048576K
}
Event: 11.586 GC heap before
{Heap before GC invocations=13 (full 3):
 PSYoungGen      total 147968K, used 70437K [0x00000000d5f80000, 0x00000000e3900000, 0x0000000100000000)
  eden space 132608K, 43% used [0x00000000d5f80000,0x00000000d980d630,0x00000000de100000)
  from space 15360K, 81% used [0x00000000de100000,0x00000000ded3be50,0x00000000df000000)
  to   space 16896K, 0% used [0x00000000e2880000,0x00000000e2880000,0x00000000e3900000)
 ParOldGen       total 79872K, used 21875K [0x0000000081e00000, 0x0000000086c00000, 0x00000000d5f80000)
  object space 79872K, 27% used [0x0000000081e00000,0x000000008335ce80,0x0000000086c00000)
 Metaspace       used 32777K, capacity 35452K, committed 35496K, reserved 1079296K
  class space    used 4469K, capacity 5262K, committed 5288K, reserved 1048576K
Event: 11.601 GC heap after
Heap after GC invocations=13 (full 3):
 PSYoungGen      total 195584K, used 9916K [0x00000000d5f80000, 0x00000000e3400000, 0x0000000100000000)
  eden space 183808K, 0% used [0x00000000d5f80000,0x00000000d5f80000,0x00000000e1300000)
  from space 11776K, 84% used [0x00000000e2880000,0x00000000e322f350,0x00000000e3400000)
  to   space 16896K, 0% used [0x00000000e1300000,0x00000000e1300000,0x00000000e2380000)
 ParOldGen       total 79872K, used 21883K [0x0000000081e00000, 0x0000000086c00000, 0x00000000d5f80000)
  object space 79872K, 27% used [0x0000000081e00000,0x000000008335ee80,0x0000000086c00000)
 Metaspace       used 32777K, capacity 35452K, committed 35496K, reserved 1079296K
  class space    used 4469K, capacity 5262K, committed 5288K, reserved 1048576K
}
Event: 11.601 GC heap before
{Heap before GC invocations=14 (full 4):
 PSYoungGen      total 195584K, used 9916K [0x00000000d5f80000, 0x00000000e3400000, 0x0000000100000000)
  eden space 183808K, 0% used [0x00000000d5f80000,0x00000000d5f80000,0x00000000e1300000)
  from space 11776K, 84% used [0x00000000e2880000,0x00000000e322f350,0x00000000e3400000)
  to   space 16896K, 0% used [0x00000000e1300000,0x00000000e1300000,0x00000000e2380000)
 ParOldGen       total 79872K, used 21883K [0x0000000081e00000, 0x0000000086c00000, 0x00000000d5f80000)
  object space 79872K, 27% used [0x0000000081e00000,0x000000008335ee80,0x0000000086c00000)
 Metaspace       used 32777K, capacity 35452K, committed 35496K, reserved 1079296K
  class space    used 4469K, capacity 5262K, committed 5288K, reserved 1048576K
Event: 11.702 GC heap after
Heap after GC invocations=14 (full 4):
 PSYoungGen      total 195584K, used 0K [0x00000000d5f80000, 0x00000000e3400000, 0x0000000100000000)
  eden space 183808K, 0% used [0x00000000d5f80000,0x00000000d5f80000,0x00000000e1300000)
  from space 11776K, 0% used [0x00000000e2880000,0x00000000e2880000,0x00000000e3400000)
  to   space 16896K, 0% used [0x00000000e1300000,0x00000000e1300000,0x00000000e2380000)
 ParOldGen       total 109056K, used 19841K [0x0000000081e00000, 0x0000000088880000, 0x00000000d5f80000)
  object space 109056K, 18% used [0x0000000081e00000,0x00000000831605a8,0x0000000088880000)
 Metaspace       used 32777K, capacity 35452K, committed 35496K, reserved 1079296K
  class space    used 4469K, capacity 5262K, committed 5288K, reserved 1048576K
}

